<?xml version="1.0" encoding="UTF-8"?>
<!-- Generated by org.testng.reporters.JUnitReportReporter -->
<testsuite hostname="Muhirwa" failures="0" tests="2" name="testCases.UpdateAccount" time="6.796" errors="0" timestamp="2024-10-14T11:05:32 CDT" skipped="0">
  <testcase classname="testCases.UpdateAccount" name="updateAccount" time="4.422"/>
  <testcase classname="testCases.UpdateAccount" name="getOneAccount" time="2.374"/>
</testsuite> <!-- testCases.UpdateAccount -->
