<?xml version="1.0" encoding="UTF-8"?>
<!-- Generated by org.testng.reporters.JUnitReportReporter -->
<testsuite hostname="Muhirwa" failures="0" tests="2" name="testCases.DeleteAccount" time="5.338" errors="0" timestamp="2024-10-14T13:04:24 CDT" skipped="0">
  <testcase classname="testCases.DeleteAccount" name="deleteOneAccount" time="3.649"/>
  <testcase classname="testCases.DeleteAccount" name="getOneAccount" time="1.689"/>
</testsuite> <!-- testCases.DeleteAccount -->
