<?xml version="1.0" encoding="UTF-8"?>
<!-- Generated by org.testng.reporters.JUnitReportReporter -->
<testsuite hostname="Muhirwa" failures="0" tests="1" name="testCases.GetAllAccounts" time="3.786" errors="0" timestamp="2024-10-13T14:23:36 CDT" skipped="0">
  <testcase classname="testCases.GetAllAccounts" name="getAllAccounts" time="3.786"/>
</testsuite> <!-- testCases.GetAllAccounts -->
