<?xml version="1.0" encoding="UTF-8"?>
<!-- Generated by org.testng.reporters.JUnitReportReporter -->
<testsuite hostname="Muhirwa" failures="0" tests="1" name="testCases.GetOneAccount" time="4.555" errors="0" timestamp="2024-10-13T13:04:17 CDT" skipped="0">
  <testcase classname="testCases.GetOneAccount" name="getOneAccount" time="4.555"/>
</testsuite> <!-- testCases.GetOneAccount -->
