<?xml version="1.0" encoding="UTF-8"?>
<!-- Generated by org.testng.reporters.JUnitReportReporter -->
<testsuite hostname="Muhirwa" failures="0" tests="3" name="testCases.CreateAccount" time="9.008" errors="0" timestamp="2024-12-11T10:56:47 CST" skipped="0">
  <testcase classname="testCases.CreateAccount" name="createAccount" time="4.338"/>
  <testcase classname="testCases.CreateAccount" name="getAllAccounts" time="2.391"/>
  <testcase classname="testCases.CreateAccount" name="getOneAccount" time="2.279"/>
</testsuite> <!-- testCases.CreateAccount -->
