<?xml version="1.0" encoding="UTF-8"?>
<!-- Generated by org.testng.reporters.JUnitReportReporter -->
<testsuite hostname="Muhirwa" failures="0" tests="1" name="testCases.Authentication" time="4.034" errors="0" timestamp="2024-10-11T12:53:51 CDT" skipped="0">
  <testcase classname="testCases.Authentication" name="generateBearerToken" time="4.034"/>
</testsuite> <!-- testCases.Authentication -->
